<?xml version="1.0" encoding="UTF-8" standalone="no"?>
<!DOCTYPE log SYSTEM "logger.dtd">
<log>
<record>
  <date>2023-08-12T13:01:43.547-0300</date>
  <logger>PEDRO HENRIQUE VELOSO FERNANDES</logger>
  <level>FINE</level>
  <message>File 122110181-PEDRO HENRIQUE VELOSO FERNANDES.zip was received. It was sent by PEDRO HENRIQUE VELOSO FERNANDES from IP 192.168.25.154 at 12-08-2023 13*01*43</message>
</record>
</log>
<?xml version="1.0" encoding="UTF-8" standalone="no"?>
<!DOCTYPE log SYSTEM "logger.dtd">
<log>
<record>
  <date>2023-08-15T16:26:08.709-0300</date>
  <logger>PEDRO HENRIQUE VELOSO FERNANDES</logger>
  <level>FINE</level>
  <message>File 122110181-PEDRO HENRIQUE VELOSO FERNANDES.zip was received. It was sent by PEDRO HENRIQUE VELOSO FERNANDES from IP 192.168.25.154 at 15-08-2023 16*26*08</message>
</record>
</log>
<?xml version="1.0" encoding="UTF-8" standalone="no"?>
<!DOCTYPE log SYSTEM "logger.dtd">
<log>
<record>
  <date>2023-08-16T09:23:12.312-0300</date>
  <logger>PEDRO HENRIQUE VELOSO FERNANDES</logger>
  <level>FINE</level>
  <message>File 122110181-PEDRO HENRIQUE VELOSO FERNANDES.zip was received. It was sent by PEDRO HENRIQUE VELOSO FERNANDES from IP 150.165.42.187 at 16-08-2023 09*23*12</message>
</record>
</log>
<?xml version="1.0" encoding="UTF-8" standalone="no"?>
<!DOCTYPE log SYSTEM "logger.dtd">
<log>
<record>
  <date>2023-08-16T17:00:51.538-0300</date>
  <logger>PEDRO HENRIQUE VELOSO FERNANDES</logger>
  <level>FINE</level>
  <message>File 122110181-PEDRO HENRIQUE VELOSO FERNANDES.zip was received. It was sent by PEDRO HENRIQUE VELOSO FERNANDES from IP 192.168.25.154 at 16-08-2023 17*00*51</message>
</record>
</log>
<?xml version="1.0" encoding="UTF-8" standalone="no"?>
<!DOCTYPE log SYSTEM "logger.dtd">
<log>
<record>
  <date>2023-08-17T22:07:21.044-0300</date>
  <logger>PEDRO HENRIQUE VELOSO FERNANDES</logger>
  <level>FINE</level>
  <message>File 122110181-PEDRO HENRIQUE VELOSO FERNANDES.zip was received. It was sent by PEDRO HENRIQUE VELOSO FERNANDES from IP 192.168.25.154 at 17-08-2023 22*07*21</message>
</record>
