<?xml version="1.0" encoding="UTF-8" standalone="no"?>
<!DOCTYPE log SYSTEM "logger.dtd">
<log>
<record>
  <date>2023-08-30T09:42:48.974-0300</date>
  <logger>PEDRO HENRIQUE VELOSO FERNANDES</logger>
  <level>FINE</level>
  <message>File 122110181-PEDRO HENRIQUE VELOSO FERNANDES.zip was received. It was sent by PEDRO HENRIQUE VELOSO FERNANDES from IP 150.165.42.187 at 30-08-2023 09*42*48</message>
</record>
</log>
<?xml version="1.0" encoding="UTF-8" standalone="no"?>
<!DOCTYPE log SYSTEM "logger.dtd">
<log>
<record>
  <date>2023-08-31T22:31:06.532-0300</date>
  <logger>PEDRO HENRIQUE VELOSO FERNANDES</logger>
  <level>FINE</level>
  <message>File 122110181-PEDRO HENRIQUE VELOSO FERNANDES.zip was received. It was sent by PEDRO HENRIQUE VELOSO FERNANDES from IP 192.168.25.154 at 31-08-2023 22*31*06</message>
</record>
</log>
<?xml version="1.0" encoding="UTF-8" standalone="no"?>
<!DOCTYPE log SYSTEM "logger.dtd">
<log>
<record>
  <date>2023-09-05T18:57:44.300-0300</date>
  <logger>PEDRO HENRIQUE VELOSO FERNANDES</logger>
  <level>FINE</level>
  <message>File 122110181-PEDRO HENRIQUE VELOSO FERNANDES.zip was received. It was sent by PEDRO HENRIQUE VELOSO FERNANDES from IP 192.168.25.154 at 05-09-2023 18*57*44</message>
</record>
