<?xml version="1.0" encoding="UTF-8" standalone="no"?>
<!DOCTYPE log SYSTEM "logger.dtd">
<log>
<record>
  <date>2023-10-26T17:38:39.561-0300</date>
  <logger>PEDRO HENRIQUE VELOSO FERNANDES</logger>
  <level>FINE</level>
  <message>File 122110181-PEDRO HENRIQUE VELOSO FERNANDES.zip was received. It was sent by PEDRO HENRIQUE VELOSO FERNANDES from IP 192.168.25.144 at 26-10-2023 17*38*39</message>
</record>
</log>
<?xml version="1.0" encoding="UTF-8" standalone="no"?>
<!DOCTYPE log SYSTEM "logger.dtd">
<log>
<record>
  <date>2023-10-26T17:51:12.954-0300</date>
  <logger>PEDRO HENRIQUE VELOSO FERNANDES</logger>
  <level>FINE</level>
  <message>File 122110181-PEDRO HENRIQUE VELOSO FERNANDES.zip was received. It was sent by PEDRO HENRIQUE VELOSO FERNANDES from IP 192.168.25.144 at 26-10-2023 17*51*12</message>
</record>
</log>
<?xml version="1.0" encoding="UTF-8" standalone="no"?>
<!DOCTYPE log SYSTEM "logger.dtd">
<log>
<record>
  <date>2023-10-26T21:10:58.771-0300</date>
  <logger>PEDRO HENRIQUE VELOSO FERNANDES</logger>
  <level>FINE</level>
  <message>File 122110181-PEDRO HENRIQUE VELOSO FERNANDES.zip was received. It was sent by PEDRO HENRIQUE VELOSO FERNANDES from IP 192.168.25.144 at 26-10-2023 21*10*58</message>
</record>
</log>
<?xml version="1.0" encoding="UTF-8" standalone="no"?>
<!DOCTYPE log SYSTEM "logger.dtd">
<log>
<record>
  <date>2023-10-26T21:11:17.844-0300</date>
  <logger>PEDRO HENRIQUE VELOSO FERNANDES</logger>
  <level>FINE</level>
  <message>File 122110181-PEDRO HENRIQUE VELOSO FERNANDES.zip was received. It was sent by PEDRO HENRIQUE VELOSO FERNANDES from IP 192.168.25.144 at 26-10-2023 21*11*17</message>
</record>
